<?xml version="1.0" encoding="UTF-8"?>
<!-- Generated by org.testng.reporters.JUnitReportReporter -->
<testsuite skipped="0" hostname="P3BLAP-G01FRCV" name="Interview.Interview.Demo" tests="1" failures="0" timestamp="20 Apr 2020 17:32:16 GMT" time="33.490" errors="0">
  <testcase name="login" time="33.490" classname="Interview.Interview.Demo"/>
</testsuite> <!-- Interview.Interview.Demo -->
