<?xml version="1.0" encoding="UTF-8"?>
<!-- Generated by org.testng.reporters.JUnitReportReporter -->
<testsuite skipped="0" hostname="P3BLAP-G01FRCV" name="Interview.Interview.Assignment2" tests="1" failures="0" timestamp="05 May 2020 08:58:19 GMT" time="72.883" errors="0">
  <testcase name="task" time="72.883" classname="Interview.Interview.Assignment2"/>
</testsuite> <!-- Interview.Interview.Assignment2 -->
